<?xml version="1.0" encoding="UTF-8"?>
<!-- Generated by org.testng.reporters.JUnitReportReporter -->
<testsuite name="com.seleniumpom.regressions.TC_01_LaunchBrowser" tests="1" time="0.003" ignored="0" failures="0" timestamp="06 Mar 2021 09:24:58 GMT" skipped="0" hostname="6PJ1242" errors="0">
  <testcase name="launch" time="0.003" classname="com.seleniumpom.regressions.TC_01_LaunchBrowser"/>
</testsuite> <!-- com.seleniumpom.regressions.TC_01_LaunchBrowser -->
